<?xml version="1.0" encoding="UTF-8"?>
<!-- Generated by org.testng.reporters.JUnitReportReporter -->
<testsuite hostname="DESKTOP-J4JJ0M3" failures="0" tests="1" name="Tests.HomeTest" time="25.324" errors="0" timestamp="13 Mar 2022 21:15:39 GMT" skipped="0">
  <testcase classname="Tests.HomeTest" name="validatePageTitle" time="25.324"/>
</testsuite> <!-- Tests.HomeTest -->
