<?xml version="1.0" encoding="UTF-8"?>
<!-- Generated by org.testng.reporters.JUnitReportReporter -->
<testsuite hostname="DESKTOP-J4JJ0M3" failures="0" tests="2" name="Tests.AJAXDataTest" time="69.582" errors="0" timestamp="13 Mar 2022 21:15:39 GMT" skipped="0">
  <testcase classname="Tests.AJAXDataTest" name="clickTitleTest" time="25.463"/>
  <testcase classname="Tests.AJAXDataTest" name="clickAndWaitForDataToLoad" time="44.119"/>
</testsuite> <!-- Tests.AJAXDataTest -->
