<?xml version="1.0" encoding="UTF-8"?>
<!-- Generated by org.testng.reporters.JUnitReportReporter -->
<testsuite hostname="DESKTOP-J4JJ0M3" failures="0" tests="2" name="Tests.ClickTest" time="51.137" errors="0" timestamp="13 Mar 2022 21:15:39 GMT" skipped="0">
  <testcase classname="Tests.ClickTest" name="clickTitleTest" time="25.289"/>
  <testcase classname="Tests.ClickTest" name="clickBadBtn" time="25.848"/>
</testsuite> <!-- Tests.ClickTest -->
