<?xml version="1.0" encoding="UTF-8"?>
<!-- Generated by org.testng.reporters.JUnitReportReporter -->
<testsuite hostname="DESKTOP-J4JJ0M3" failures="0" tests="2" name="Tests.OverLappedElementTest" time="55.628" errors="0" timestamp="13 Mar 2022 21:15:39 GMT" skipped="0">
  <testcase classname="Tests.OverLappedElementTest" name="ScrollToElementAndEnterText" time="29.728"/>
  <testcase classname="Tests.OverLappedElementTest" name="checkPageTitle" time="25.900"/>
</testsuite> <!-- Tests.OverLappedElementTest -->
