<?xml version="1.0" encoding="UTF-8"?>
<!-- Generated by org.testng.reporters.JUnitReportReporter -->
<testsuite hostname="DESKTOP-J4JJ0M3" failures="0" tests="4" name="Tests.SampleAppLoginTest" time="101.172" errors="0" timestamp="13 Mar 2022 21:15:39 GMT" skipped="0">
  <testcase classname="Tests.SampleAppLoginTest" name="loginWithOutCredentials" time="25.441"/>
  <testcase classname="Tests.SampleAppLoginTest" name="logout" time="25.456"/>
  <testcase classname="Tests.SampleAppLoginTest" name="sampleAppLoginTitleTest" time="24.987"/>
  <testcase classname="Tests.SampleAppLoginTest" name="login" time="25.288"/>
</testsuite> <!-- Tests.SampleAppLoginTest -->
