<?xml version="1.0" encoding="UTF-8"?>
<!-- Generated by org.testng.reporters.JUnitReportReporter -->
<testsuite hostname="DESKTOP-J4JJ0M3" failures="0" tests="2" name="Tests.TextInputTest" time="50.388" errors="0" timestamp="13 Mar 2022 21:15:39 GMT" skipped="0">
  <testcase classname="Tests.TextInputTest" name="clickTitleTest" time="25.134"/>
  <testcase classname="Tests.TextInputTest" name="CheckButtonText" time="25.254"/>
</testsuite> <!-- Tests.TextInputTest -->
